#
# There is insufficient memory for the Java Runtime Environment to continue.
# Native memory allocation (malloc) failed to allocate 1048576 bytes for AllocateHeap
# Possible reasons:
#   The system is out of physical RAM or swap space
#   In 32 bit mode, the process size limit was hit
# Possible solutions:
#   Reduce memory load on the system
#   Increase physical memory or swap space
#   Check if swap backing store is full
#   Use 64 bit Java on a 64 bit OS
#   Decrease Java heap size (-Xmx/-Xms)
#   Decrease number of Java threads
#   Decrease Java thread stack sizes (-Xss)
#   Set larger code cache with -XX:ReservedCodeCacheSize=
# This output file may be truncated or incomplete.
#
#  Out of Memory Error (memory/allocation.inline.hpp:61), pid=17644, tid=16252
#
# JRE version:  (8.0_60-b27) (build )
# Java VM: Java HotSpot(TM) 64-Bit Server VM (25.60-b23 mixed mode windows-amd64 compressed oops)
# Failed to write core dump. Minidumps are not enabled by default on client versions of Windows
#

---------------  T H R E A D  ---------------

Current thread (0x00000000025f0800):  JavaThread "Unknown thread" [_thread_in_vm, id=16252, stack(0x0000000002490000,0x0000000002590000)]

Stack: [0x0000000002490000,0x0000000002590000]
[error occurred during error reporting (printing stack bounds), id 0xc0000005]

Native frames: (J=compiled Java code, j=interpreted, Vv=VM code, C=native code)


---------------  P R O C E S S  ---------------

Java Threads: ( => current thread )

Other Threads:

=>0x00000000025f0800 (exited) JavaThread "Unknown thread" [_thread_in_vm, id=16252, stack(0x0000000002490000,0x0000000002590000)]

VM state:not at safepoint (normal execution)

VM Mutex/Monitor currently owned by a thread: None

Heap:
 PSYoungGen      total 18944K, used 327K [0x00000000eb200000, 0x00000000ec700000, 0x0000000100000000)
  eden space 16384K, 2% used [0x00000000eb200000,0x00000000eb251ec8,0x00000000ec200000)
  from space 2560K, 0% used [0x00000000ec480000,0x00000000ec480000,0x00000000ec700000)
  to   space 2560K, 0% used [0x00000000ec200000,0x00000000ec200000,0x00000000ec480000)
 ParOldGen       total 44032K, used 0K [0x00000000c1600000, 0x00000000c4100000, 0x00000000eb200000)
  object space 44032K, 0% used [0x00000000c1600000,0x00000000c1600000,0x00000000c4100000)
 Metaspace       used 767K, capacity 4480K, committed 4480K, reserved 1056768K
  class space    used 75K, capacity 384K, committed 384K, reserved 1048576K

Card table byte_map: [0x0000000011ab0000,0x0000000011cb0000] byte_map_base: 0x00000000114a5000

Marking Bits: (ParMarkBitMap*) 0x0000000075eba5b0
 Begin Bits: [0x0000000012000000, 0x0000000012fa8000)
 End Bits:   [0x0000000012fa8000, 0x0000000013f50000)

Polling page: 0x0000000002590000

CodeCache: size=245760Kb used=327Kb max_used=327Kb free=245432Kb
 bounds [0x00000000026f0000, 0x0000000002960000, 0x00000000116f0000]
 total_blobs=56 nmethods=0 adapters=37
 compilation: enabled

Compilation events (0 events):
No events

GC Heap History (0 events):
No events

Deoptimization events (0 events):
No events

Internal exceptions (0 events):
No events

Events (10 events):
Event: 0.063 loading class java/lang/Short
Event: 0.063 loading class java/lang/Short done
Event: 0.063 loading class java/lang/Integer
Event: 0.063 loading class java/lang/Integer done
Event: 0.063 loading class java/lang/Long
Event: 0.063 loading class java/lang/Long done
Event: 0.064 loading class java/lang/NullPointerException
Event: 0.064 loading class java/lang/NullPointerException done
Event: 0.064 loading class java/lang/ArithmeticException
Event: 0.064 loading class java/lang/ArithmeticException done


Dynamic libraries:
0x00007ff712ab0000 - 0x00007ff712ae7000 	C:\Program Files\Java\jdk1.8.0_60\bin\javaw.exe
0x00007ff829800000 - 0x00007ff8299ad000 	C:\Windows\SYSTEM32\ntdll.dll
0x00007ff828480000 - 0x00007ff8285be000 	C:\Windows\system32\KERNEL32.DLL
0x00007ff826a60000 - 0x00007ff826b75000 	C:\Windows\system32\KERNELBASE.dll
0x00007ff825500000 - 0x00007ff82558e000 	C:\Windows\system32\apphelp.dll
0x00007ff815ef0000 - 0x00007ff815f43000 	C:\Windows\AppPatch\AppPatch64\AcGenral.DLL
0x00007ff829380000 - 0x00007ff82942a000 	C:\Windows\system32\msvcrt.dll
0x00007ff826e60000 - 0x00007ff826e8e000 	C:\Windows\system32\SspiCli.dll
0x00007ff828420000 - 0x00007ff828474000 	C:\Windows\system32\SHLWAPI.dll
0x00007ff829140000 - 0x00007ff8292b7000 	C:\Windows\system32\USER32.dll
0x00007ff828bc0000 - 0x00007ff828d54000 	C:\Windows\system32\ole32.dll
0x00007ff826e90000 - 0x00007ff8283ba000 	C:\Windows\system32\SHELL32.dll
0x00007ff826270000 - 0x00007ff826291000 	C:\Windows\SYSTEM32\USERENV.dll
0x00007ff8292d0000 - 0x00007ff82937a000 	C:\Windows\system32\ADVAPI32.dll
0x00007ff818b80000 - 0x00007ff818b9e000 	C:\Windows\SYSTEM32\MPR.dll
0x00007ff828d60000 - 0x00007ff828ea0000 	C:\Windows\system32\RPCRT4.dll
0x00007ff829500000 - 0x00007ff829559000 	C:\Windows\SYSTEM32\sechost.dll
0x00007ff8286a0000 - 0x00007ff8288b1000 	C:\Windows\SYSTEM32\combase.dll
0x00007ff828910000 - 0x00007ff828a5f000 	C:\Windows\system32\GDI32.dll
0x00007ff826930000 - 0x00007ff826945000 	C:\Windows\SYSTEM32\profapi.dll
0x00007ff824ed0000 - 0x00007ff824f82000 	C:\Windows\SYSTEM32\SHCORE.dll
0x00007ff8288d0000 - 0x00007ff828906000 	C:\Windows\system32\IMM32.DLL
0x00007ff828a60000 - 0x00007ff828bb2000 	C:\Windows\system32\MSCTF.dll
0x00007ff8243f0000 - 0x00007ff82466b000 	C:\Windows\WinSxS\amd64_microsoft.windows.common-controls_6595b64144ccf1df_6.0.9600.18006_none_623f33d3ecbe86e8\COMCTL32.dll
0x0000000076d60000 - 0x0000000076e32000 	C:\Program Files\Java\jdk1.8.0_60\jre\bin\msvcr100.dll
0x00000000756b0000 - 0x0000000075f39000 	C:\Program Files\Java\jdk1.8.0_60\jre\bin\server\jvm.dll
0x00007ff81d460000 - 0x00007ff81d469000 	C:\Windows\SYSTEM32\WSOCK32.dll
0x00007ff8218a0000 - 0x00007ff8218c2000 	C:\Windows\SYSTEM32\WINMM.dll
0x00007ff821780000 - 0x00007ff82178a000 	C:\Windows\SYSTEM32\VERSION.dll
0x00007ff829130000 - 0x00007ff829137000 	C:\Windows\system32\PSAPI.DLL
0x00007ff8283c0000 - 0x00007ff82841a000 	C:\Windows\system32\WS2_32.dll
0x00007ff821870000 - 0x00007ff82189a000 	C:\Windows\SYSTEM32\WINMMBASE.dll
0x00007ff8292c0000 - 0x00007ff8292c9000 	C:\Windows\system32\NSI.dll
0x00007ff826d60000 - 0x00007ff826daf000 	C:\Windows\SYSTEM32\cfgmgr32.dll
0x00007ff825760000 - 0x00007ff825788000 	C:\Windows\SYSTEM32\DEVOBJ.dll
0x0000000076f00000 - 0x0000000076f0f000 	C:\Program Files\Java\jdk1.8.0_60\jre\bin\verify.dll
0x0000000076ed0000 - 0x0000000076ef9000 	C:\Program Files\Java\jdk1.8.0_60\jre\bin\java.dll
0x0000000076eb0000 - 0x0000000076ec6000 	C:\Program Files\Java\jdk1.8.0_60\jre\bin\zip.dll

VM Arguments:
jvm_args: -Dfile.encoding=UTF-8 
java_command: practice01.GuessNumber
java_class_path (initial): C:\Users\Çü¹Î\workspace\practice01\bin
Launcher Type: SUN_STANDARD

Environment Variables:
JAVA_HOME=C:\Program Files\Java\jdk1.8.0_60
PATH=C:/Program Files/Java/jdk1.8.0_60/bin/../jre/bin/server;C:/Program Files/Java/jdk1.8.0_60/bin/../jre/bin;C:/Program Files/Java/jdk1.8.0_60/bin/../jre/lib/amd64;C:\Program Files\Java\jdk1.8.0_60\bin;C:\ProgramData\Oracle\Java\javapath;C:\Program Files (x86)\Intel\iCLS Client\;C:\Program Files\Intel\iCLS Client\;C:\Windows\system32;C:\Windows;C:\Windows\System32\Wbem;C:\Windows\System32\WindowsPowerShell\v1.0\;C:\Program Files (x86)\Windows Live\Shared;C:\Program Files\Intel\Intel(R) Management Engine Components\DAL;C:\Program Files\Intel\Intel(R) Management Engine Components\IPT;C:\Program Files (x86)\Intel\Intel(R) Management Engine Components\DAL;C:\Program Files (x86)\Intel\Intel(R) Management Engine Components\IPT;C:\Program Files\Intel\WiFi\bin\;C:\Program Files\Common Files\Intel\WirelessCommon\;C:\APM_Setup\Server\Apache\bin;C:\APM_Setup\Server\MySQL5\bin;C:\APM_Setup\Server\PHP5;C:\Users\Çü¹Î\Downloads\eclipse-jee-mars-2-win32-x86_64\eclipse;
USERNAME=Çü¹Î
OS=Windows_NT
PROCESSOR_IDENTIFIER=Intel64 Family 6 Model 69 Stepping 1, GenuineIntel



---------------  S Y S T E M  ---------------

OS: Windows 8.1 , 64 bit Build 9600 (6.3.9600.17415)

CPU:total 2 (2 cores per cpu, 1 threads per core) family 6 model 69 stepping 1, cmov, cx8, fxsr, mmx, sse, sse2, sse3, ssse3, sse4.1, sse4.2, popcnt, clmul, erms, lzcnt, tsc, tscinvbit

Memory: 4k page, physical 4099872k(938372k free), swap 7245600k(5380k free)

vm_info: Java HotSpot(TM) 64-Bit Server VM (25.60-b23) for windows-amd64 JRE (1.8.0_60-b27), built on Aug  4 2015 11:06:27 by "java_re" with MS VC++ 10.0 (VS2010)

time: Wed Jul 06 13:02:38 2016
elapsed time: 0 seconds (0d 0h 0m 0s)

